<?xml version="1.0" encoding="UTF-8"?>
<testsuite xmlns:xsi="http://www.w3.org/2001/XMLSchema-instance" xsi:noNamespaceSchemaLocation="https://maven.apache.org/surefire/maven-surefire-plugin/xsd/surefire-test-report-3.0.xsd" version="3.0" name="com.shopping.productservice.ProductServiceApplicationTests" time="6.436" tests="2" errors="0" skipped="0" failures="0">
  <properties>
[...]
</properties>
  <testcase name="shouldGetTheProduct" classname="com.shopping.productservice.ProductServiceApplicationTests" time="0.587">
    <system-out><![CDATA[16:33:43.549 [main] INFO org.springframework.test.context.support.AnnotationConfigContextLoaderUtils -- Could not detect default configuration classes for test class [com.shopping.productservice.ProductServiceApplicationTests]: ProductServiceApplicationTests does not declare any static, non-private, non-final, nested classes annotated with @Configuration.
16:33:43.637 [main] INFO org.springframework.boot.test.context.SpringBootTestContextBootstrapper -- Found @SpringBootConfiguration com.shopping.productservice.ProductServiceApplication for test class com.shopping.productservice.ProductServiceApplicationTests
16:33:43.690 [main] INFO org.testcontainers.images.PullPolicy -- Image pull policy will be performed by: DefaultPullPolicy()
16:33:43.691 [main] INFO org.testcontainers.utility.ImageNameSubstitutor -- Image name substitution will be performed by: DefaultImageNameSubstitutor (composite of 'ConfigurationFileImageNameSubstitutor' and 'PrefixingImageNameSubstitutor')
16:33:43.802 [main] INFO org.testcontainers.dockerclient.DockerClientProviderStrategy -- Loaded org.testcontainers.dockerclient.UnixSocketClientProviderStrategy from ~/.testcontainers.properties, will try it first
16:33:44.159 [main] INFO org.testcontainers.dockerclient.DockerClientProviderStrategy -- Found Docker environment with local Unix socket (unix:///var/run/docker.sock)
16:33:44.160 [main] INFO org.testcontainers.DockerClientFactory -- Docker host IP address is localhost
16:33:44.184 [main] INFO org.testcontainers.DockerClientFactory -- Connected to docker: 
  Server Version: 20.10.12
  API Version: 1.41
  Operating System: Docker Desktop
  Total Memory: 1988 MB
16:33:44.206 [main] INFO tc.testcontainers/ryuk:0.5.1 -- Creating container for image: testcontainers/ryuk:0.5.1
16:33:44.446 [main] INFO tc.testcontainers/ryuk:0.5.1 -- Container testcontainers/ryuk:0.5.1 is starting: 921ba8559af0b4f01ecff5ee1b752acb854dda29e3f7bb110b534025a3d80499
16:33:45.221 [main] INFO tc.testcontainers/ryuk:0.5.1 -- Container testcontainers/ryuk:0.5.1 started in PT1.015237S
16:33:45.232 [main] INFO org.testcontainers.utility.RyukResourceReaper -- Ryuk started - will monitor and terminate Testcontainers containers on JVM exit
16:33:45.232 [main] INFO org.testcontainers.DockerClientFactory -- Checking the system...
16:33:45.232 [main] INFO org.testcontainers.DockerClientFactory -- ✔︎ Docker server version should be at least 1.6.0
16:33:45.233 [main] INFO tc.mongo:6.0 -- Creating container for image: mongo:6.0
16:33:45.272 [main] INFO tc.mongo:6.0 -- Container mongo:6.0 is starting: 0c9c9e4b29ac1ea22ef6956a9bf7b6a969df90888c8a941481681fb1a2361057
16:33:46.575 [main] INFO tc.mongo:6.0 -- Container mongo:6.0 started in PT1.342541S

  .   ____          _            __ _ _
 /\\ / ___'_ __ _ _(_)_ __  __ _ \ \ \ \
( ( )\___ | '_ | '_| | '_ \/ _` | \ \ \ \
 \\/  ___)| |_)| | | | | || (_| |  ) ) ) )
  '  |____| .__|_| |_|_| |_\__, | / / / /
 =========|_|==============|___/=/_/_/_/
 :: Spring Boot ::                (v3.2.0)

2023-12-05T16:33:48.287-08:00  INFO 33634 --- [           main] c.s.p.ProductServiceApplicationTests     : Starting ProductServiceApplicationTests using Java 19.0.1 with PID 33634 (started by nagaanveshkunuguntla in /Users/nagaanveshkunuguntla/Desktop/JavaProjects/EcomShopping-Microservices/product-service)
2023-12-05T16:33:48.288-08:00  INFO 33634 --- [           main] c.s.p.ProductServiceApplicationTests     : No active profile set, falling back to 1 default profile: "default"
2023-12-05T16:33:48.528-08:00  INFO 33634 --- [           main] .s.d.r.c.RepositoryConfigurationDelegate : Bootstrapping Spring Data MongoDB repositories in DEFAULT mode.
2023-12-05T16:33:48.594-08:00  INFO 33634 --- [           main] .s.d.r.c.RepositoryConfigurationDelegate : Finished Spring Data repository scanning in 64 ms. Found 1 MongoDB repository interface.
2023-12-05T16:33:48.763-08:00  INFO 33634 --- [           main] org.mongodb.driver.client                : MongoClient with metadata {"driver": {"name": "mongo-java-driver|sync|spring-boot", "version": "4.11.1"}, "os": {"type": "Darwin", "name": "Mac OS X", "architecture": "aarch64", "version": "14.1.1"}, "platform": "Java/Oracle Corporation/19.0.1+10-21"} created with settings MongoClientSettings{readPreference=primary, writeConcern=WriteConcern{w=null, wTimeout=null ms, journal=null}, retryWrites=true, retryReads=true, readConcern=ReadConcern{level=null}, credential=null, transportSettings=null, streamFactoryFactory=null, commandListeners=[], codecRegistry=ProvidersCodecRegistry{codecProviders=[ValueCodecProvider{}, BsonValueCodecProvider{}, DBRefCodecProvider{}, DBObjectCodecProvider{}, DocumentCodecProvider{}, CollectionCodecProvider{}, IterableCodecProvider{}, MapCodecProvider{}, GeoJsonCodecProvider{}, GridFSFileCodecProvider{}, Jsr310CodecProvider{}, JsonObjectCodecProvider{}, BsonCodecProvider{}, EnumCodecProvider{}, com.mongodb.client.model.mql.ExpressionCodecProvider@e154848, com.mongodb.Jep395RecordCodecProvider@16ea0f22, com.mongodb.KotlinCodecProvider@60fc7f43]}, loggerSettings=LoggerSettings{maxDocumentLength=1000}, clusterSettings={hosts=[localhost:27017], srvServiceName=mongodb, mode=SINGLE, requiredClusterType=UNKNOWN, requiredReplicaSetName='null', serverSelector='null', clusterListeners='[]', serverSelectionTimeout='30000 ms', localThreshold='15 ms'}, socketSettings=SocketSettings{connectTimeoutMS=10000, readTimeoutMS=0, receiveBufferSize=0, proxySettings=ProxySettings{host=null, port=null, username=null, password=null}}, heartbeatSocketSettings=SocketSettings{connectTimeoutMS=10000, readTimeoutMS=10000, receiveBufferSize=0, proxySettings=ProxySettings{host=null, port=null, username=null, password=null}}, connectionPoolSettings=ConnectionPoolSettings{maxSize=100, minSize=0, maxWaitTimeMS=120000, maxConnectionLifeTimeMS=0, maxConnectionIdleTimeMS=0, maintenanceInitialDelayMS=0, maintenanceFrequencyMS=60000, connectionPoolListeners=[], maxConnecting=2}, serverSettings=ServerSettings{heartbeatFrequencyMS=10000, minHeartbeatFrequencyMS=500, serverListeners='[]', serverMonitorListeners='[]'}, sslSettings=SslSettings{enabled=false, invalidHostNameAllowed=false, context=null}, applicationName='null', compressorList=[], uuidRepresentation=JAVA_LEGACY, serverApi=null, autoEncryptionSettings=null, dnsClient=null, inetAddressResolver=null, contextProvider=null}
2023-12-05T16:33:48.774-08:00  INFO 33634 --- [localhost:27017] org.mongodb.driver.cluster               : Monitor thread successfully connected to server with description ServerDescription{address=localhost:27017, type=STANDALONE, state=CONNECTED, ok=true, minWireVersion=0, maxWireVersion=21, maxDocumentSize=16777216, logicalSessionTimeoutMinutes=30, roundTripTimeNanos=12040500}
2023-12-05T16:33:49.070-08:00  INFO 33634 --- [           main] o.s.b.t.m.w.SpringBootMockServletContext : Initializing Spring TestDispatcherServlet ''
2023-12-05T16:33:49.070-08:00  INFO 33634 --- [           main] o.s.t.web.servlet.TestDispatcherServlet  : Initializing Servlet ''
2023-12-05T16:33:49.071-08:00  INFO 33634 --- [           main] o.s.t.web.servlet.TestDispatcherServlet  : Completed initialization in 0 ms
2023-12-05T16:33:49.080-08:00  INFO 33634 --- [           main] c.s.p.ProductServiceApplicationTests     : Started ProductServiceApplicationTests in 0.932 seconds (process running for 5.858)
2023-12-05T16:33:49.635-08:00  INFO 33634 --- [           main] c.s.p.services.ProductService            : Product 656fc16d4e4a64570bab1707 saved successfully
2023-12-05T16:33:49.655-08:00  INFO 33634 --- [           main] c.s.p.services.ProductService            : Fetched 1 products from DB
]]></system-out>
  </testcase>
  <testcase name="shouldCreateProduct" classname="com.shopping.productservice.ProductServiceApplicationTests" time="0.018">
    <system-out><![CDATA[2023-12-05T16:33:49.686-08:00  INFO 33634 --- [           main] c.s.p.services.ProductService            : Product 656fc16d4e4a64570bab1708 saved successfully
]]></system-out>
  </testcase>
</testsuite>